<?xml version="1.0" encoding="utf-8"?><testsuites name="pytest tests"><testsuite name="pytest" errors="0" failures="4" skipped="0" tests="15" time="1.017" timestamp="2026-01-16T17:51:06.130119+00:00" hostname="agent-env-811a4f2c-3d33-41ee-88d9-92cb90bd0226"><testcase classname="tests.test_app_share_promotion.TestInstalledApps" name="test_get_installed_apps_success" time="0.328" /><testcase classname="tests.test_app_share_promotion.TestInstalledApps" name="test_get_installed_apps_requires_auth" time="0.033"><failure message="assert 403 == 401&#10; +  where 403 = &lt;Response [403]&gt;.status_code">tests/test_app_share_promotion.py:63: in test_get_installed_apps_requires_auth
    assert response.status_code == 401
E   assert 403 == 401
E    +  where 403 = &lt;Response [403]&gt;.status_code</failure></testcase><testcase classname="tests.test_app_share_promotion.TestAppPromotionStats" name="test_get_app_stats_success" time="0.038" /><testcase classname="tests.test_app_share_promotion.TestAppPromotionStats" name="test_get_app_stats_datavault" time="0.038" /><testcase classname="tests.test_app_share_promotion.TestAppPromotionStats" name="test_get_app_stats_streamrelay" time="0.032" /><testcase classname="tests.test_app_share_promotion.TestAppPromotionStats" name="test_get_app_stats_invalid_app" time="0.037" /><testcase classname="tests.test_app_share_promotion.TestAppPromotionStats" name="test_get_app_stats_requires_auth" time="0.031"><failure message="assert 403 == 401&#10; +  where 403 = &lt;Response [403]&gt;.status_code">tests/test_app_share_promotion.py:137: in test_get_app_stats_requires_auth
    assert response.status_code == 401
E   assert 403 == 401
E    +  where 403 = &lt;Response [403]&gt;.status_code</failure></testcase><testcase classname="tests.test_app_share_promotion.TestAppShare" name="test_share_app_copy" time="0.033" /><testcase classname="tests.test_app_share_promotion.TestAppShare" name="test_share_app_twitter" time="0.037" /><testcase classname="tests.test_app_share_promotion.TestAppShare" name="test_share_app_linkedin" time="0.032" /><testcase classname="tests.test_app_share_promotion.TestAppShare" name="test_share_app_email" time="0.034" /><testcase classname="tests.test_app_share_promotion.TestAppShare" name="test_share_app_invalid_app" time="0.034" /><testcase classname="tests.test_app_share_promotion.TestAppShare" name="test_share_app_requires_auth" time="0.071"><failure message="assert 403 == 401&#10; +  where 403 = &lt;Response [403]&gt;.status_code">tests/test_app_share_promotion.py:222: in test_share_app_requires_auth
    assert response.status_code == 401
E   assert 403 == 401
E    +  where 403 = &lt;Response [403]&gt;.status_code</failure></testcase><testcase classname="tests.test_app_share_promotion.TestAppShare" name="test_share_increments_count" time="0.101" /><testcase classname="tests.test_app_share_promotion.TestPointsEngine" name="test_share_app_link_action_exists" time="0.033"><failure message="TypeError: string indices must be integers, not 'str'">tests/test_app_share_promotion.py:266: in test_share_app_link_action_exists
    share_action = next(
tests/test_app_share_promotion.py:267: in &lt;genexpr&gt;
    (a for a in actions if a["id"] == "share_app_link"),
                           ^^^^^^^
E   TypeError: string indices must be integers, not 'str'</failure></testcase></testsuite></testsuites>