<?xml version="1.0" encoding="utf-8"?><testsuites name="pytest tests"><testsuite name="pytest" errors="0" failures="0" skipped="0" tests="12" time="6.111" timestamp="2026-01-13T22:22:37.627931+00:00" hostname="agent-env-b8aceb6e-86ab-4189-a26e-7156ab44dc9c"><testcase classname="tests.test_2fa_system.TestUserAuthentication" name="test_user_login_success" time="0.280" /><testcase classname="tests.test_2fa_system.TestUser2FASetup" name="test_2fa_status_endpoint" time="0.294" /><testcase classname="tests.test_2fa_system.TestUser2FASetup" name="test_2fa_setup_returns_qr_and_secret" time="0.337" /><testcase classname="tests.test_2fa_system.TestUser2FAFullFlow" name="test_full_2fa_enable_disable_flow" time="3.240" /><testcase classname="tests.test_2fa_system.TestUser2FAEdgeCases" name="test_2fa_verify_invalid_code" time="0.324" /><testcase classname="tests.test_2fa_system.TestUser2FAEdgeCases" name="test_2fa_status_requires_auth" time="0.032" /><testcase classname="tests.test_2fa_system.TestUser2FAEdgeCases" name="test_2fa_setup_requires_auth" time="0.071" /><testcase classname="tests.test_2fa_system.TestAdmin2FA" name="test_admin_login_success" time="0.298" /><testcase classname="tests.test_2fa_system.TestAdmin2FA" name="test_admin_2fa_status" time="0.347" /><testcase classname="tests.test_2fa_system.TestAdmin2FA" name="test_admin_2fa_setup_returns_qr" time="0.328" /><testcase classname="tests.test_2fa_system.TestLoginWith2FARequired" name="test_login_without_2fa_code_when_enabled" time="0.255" /><testcase classname="tests.test_2fa_system.TestLoginWith2FARequired" name="test_login_with_invalid_2fa_code" time="0.258" /></testsuite></testsuites>