<?xml version="1.0" encoding="utf-8"?><testsuites name="pytest tests"><testsuite name="pytest" errors="0" failures="0" skipped="0" tests="13" time="2.815" timestamp="2026-01-13T22:02:40.610879+00:00" hostname="agent-env-b8aceb6e-86ab-4189-a26e-7156ab44dc9c"><testcase classname="tests.test_referral_system.TestReferralAuthentication" name="test_login_test_user" time="0.333" /><testcase classname="tests.test_referral_system.TestReferralAuthentication" name="test_referral_code_requires_auth" time="0.033" /><testcase classname="tests.test_referral_system.TestReferralAuthentication" name="test_referral_stats_requires_auth" time="0.031" /><testcase classname="tests.test_referral_system.TestReferralCode" name="test_get_referral_code" time="0.309" /><testcase classname="tests.test_referral_system.TestReferralClickTracking" name="test_track_operator_click" time="0.074" /><testcase classname="tests.test_referral_system.TestReferralClickTracking" name="test_track_app_click" time="0.041" /><testcase classname="tests.test_referral_system.TestReferralClickTracking" name="test_invalid_referral_code" time="0.042" /><testcase classname="tests.test_referral_system.TestReferralStats" name="test_get_referral_stats" time="0.293" /><testcase classname="tests.test_referral_system.TestReferralStats" name="test_stats_show_pending_opt" time="0.286" /><testcase classname="tests.test_referral_system.TestPromotionStatsBackwardCompatibility" name="test_get_promotion_stats" time="0.329" /><testcase classname="tests.test_referral_system.TestReferralSignup" name="test_register_with_referral_code" time="0.267" /><testcase classname="tests.test_referral_system.TestReferralSignup" name="test_register_without_referral_code" time="0.264" /><testcase classname="tests.test_referral_system.TestReferralStatsUpdate" name="test_stats_update_after_click" time="0.446" /></testsuite></testsuites>