<?xml version="1.0" encoding="utf-8"?><testsuites name="pytest tests"><testsuite name="pytest" errors="0" failures="1" skipped="0" tests="15" time="4.387" timestamp="2026-01-16T18:18:16.756682+00:00" hostname="agent-env-811a4f2c-3d33-41ee-88d9-92cb90bd0226"><testcase classname="tests.test_promotion_leaderboard.TestPromotionLeaderboard" name="test_leaderboard_endpoint_returns_200" time="0.356" /><testcase classname="tests.test_promotion_leaderboard.TestPromotionLeaderboard" name="test_leaderboard_response_structure" time="0.312" /><testcase classname="tests.test_promotion_leaderboard.TestPromotionLeaderboard" name="test_leaderboard_default_period_is_all_time" time="0.312" /><testcase classname="tests.test_promotion_leaderboard.TestPromotionLeaderboard" name="test_leaderboard_period_filter_monthly" time="0.270" /><testcase classname="tests.test_promotion_leaderboard.TestPromotionLeaderboard" name="test_leaderboard_period_filter_weekly" time="0.265" /><testcase classname="tests.test_promotion_leaderboard.TestPromotionLeaderboard" name="test_leaderboard_entry_structure" time="0.266" /><testcase classname="tests.test_promotion_leaderboard.TestPromotionLeaderboard" name="test_leaderboard_ranks_are_sequential" time="0.305" /><testcase classname="tests.test_promotion_leaderboard.TestPromotionLeaderboard" name="test_leaderboard_sorted_by_total_shares" time="0.270" /><testcase classname="tests.test_promotion_leaderboard.TestPromotionLeaderboard" name="test_leaderboard_requires_authentication" time="0.284" /><testcase classname="tests.test_promotion_leaderboard.TestPromotionLeaderboard" name="test_leaderboard_current_user_highlighted" time="0.265" /><testcase classname="tests.test_promotion_leaderboard.TestPromotionLeaderboard" name="test_promotion_stats_endpoint" time="0.261" /><testcase classname="tests.test_promotion_leaderboard.TestPromotionLeaderboard" name="test_share_tracking_endpoint" time="0.286" /><testcase classname="tests.test_promotion_leaderboard.TestPromotionLeaderboard" name="test_referral_code_endpoint" time="0.265"><failure message="assert 404 == 200&#10; +  where 404 = &lt;Response [404]&gt;.status_code">tests/test_promotion_leaderboard.py:234: in test_referral_code_endpoint
    assert response.status_code == 200
E   assert 404 == 200
E    +  where 404 = &lt;Response [404]&gt;.status_code</failure></testcase><testcase classname="tests.test_promotion_leaderboard.TestLeaderboardEdgeCases" name="test_leaderboard_with_invalid_period" time="0.312" /><testcase classname="tests.test_promotion_leaderboard.TestLeaderboardEdgeCases" name="test_leaderboard_with_limit_parameter" time="0.268" /></testsuite></testsuites>