<?xml version="1.0" encoding="utf-8"?><testsuites name="pytest tests"><testsuite name="pytest" errors="0" failures="2" skipped="0" tests="20" time="5.457" timestamp="2026-01-14T23:08:38.429534+00:00" hostname="agent-env-815ebf71-1e36-4d48-8b39-22708e7d48f8"><testcase classname="tests.test_stripe_products_licenses.TestPublicProductsAPI" name="test_get_products_list" time="0.078" /><testcase classname="tests.test_stripe_products_licenses.TestPublicProductsAPI" name="test_get_cloudnode_product_by_slug" time="0.037" /><testcase classname="tests.test_stripe_products_licenses.TestPublicProductsAPI" name="test_get_product_by_id" time="0.078" /><testcase classname="tests.test_stripe_products_licenses.TestPublicProductsAPI" name="test_get_nonexistent_product" time="0.037" /><testcase classname="tests.test_stripe_products_licenses.TestPurchaseCheckoutAPI" name="test_create_checkout_session" time="1.283" /><testcase classname="tests.test_stripe_products_licenses.TestPurchaseCheckoutAPI" name="test_create_checkout_invalid_product" time="0.037" /><testcase classname="tests.test_stripe_products_licenses.TestPurchaseCheckoutAPI" name="test_create_checkout_missing_fields" time="0.048" /><testcase classname="tests.test_stripe_products_licenses.TestLicensesAPI" name="test_get_user_licenses" time="0.337" /><testcase classname="tests.test_stripe_products_licenses.TestLicensesAPI" name="test_get_licenses_unauthorized" time="0.039"><failure message="assert 403 == 401&#10; +  where 403 = &lt;Response [403]&gt;.status_code">tests/test_stripe_products_licenses.py:173: in test_get_licenses_unauthorized
    assert response.status_code == 401
E   assert 403 == 401
E    +  where 403 = &lt;Response [403]&gt;.status_code</failure></testcase><testcase classname="tests.test_stripe_products_licenses.TestAdminProductsAPI" name="test_admin_get_products" time="0.296" /><testcase classname="tests.test_stripe_products_licenses.TestAdminProductsAPI" name="test_admin_get_products_stats" time="0.343" /><testcase classname="tests.test_stripe_products_licenses.TestAdminProductsAPI" name="test_admin_create_product" time="0.348" /><testcase classname="tests.test_stripe_products_licenses.TestAdminProductsAPI" name="test_admin_update_product" time="0.411" /><testcase classname="tests.test_stripe_products_licenses.TestAdminProductsAPI" name="test_admin_delete_product" time="0.372" /><testcase classname="tests.test_stripe_products_licenses.TestAdminProductsAPI" name="test_admin_products_unauthorized" time="0.030"><failure message="assert 403 == 401&#10; +  where 403 = &lt;Response [403]&gt;.status_code">tests/test_stripe_products_licenses.py:335: in test_admin_products_unauthorized
    assert response.status_code == 401
E   assert 403 == 401
E    +  where 403 = &lt;Response [403]&gt;.status_code</failure></testcase><testcase classname="tests.test_stripe_products_licenses.TestAdminProductsAPI" name="test_admin_duplicate_slug_rejected" time="0.309" /><testcase classname="tests.test_stripe_products_licenses.TestAdminLicensesAPI" name="test_admin_get_licenses" time="0.336" /><testcase classname="tests.test_stripe_products_licenses.TestAdminLicensesAPI" name="test_admin_get_licenses_stats" time="0.300" /><testcase classname="tests.test_stripe_products_licenses.TestAdminOrdersAPI" name="test_admin_get_orders" time="0.317" /><testcase classname="tests.test_stripe_products_licenses.TestAdminOrdersAPI" name="test_admin_get_order_stats" time="0.304" /></testsuite></testsuites>