<?xml version="1.0" encoding="utf-8"?><testsuites name="pytest tests"><testsuite name="pytest" errors="0" failures="0" skipped="0" tests="16" time="1.048" timestamp="2026-01-13T18:14:11.383702+00:00" hostname="agent-env-655b22e5-9b0c-4a93-bf85-d42ad4d8ef0a"><testcase classname="tests.test_app_developer.TestAppDeveloperFeature" name="test_health_check" time="0.077" /><testcase classname="tests.test_app_developer.TestAppDeveloperFeature" name="test_submit_app_success" time="0.245" /><testcase classname="tests.test_app_developer.TestAppDeveloperFeature" name="test_submit_app_without_terms" time="0.019" /><testcase classname="tests.test_app_developer.TestAppDeveloperFeature" name="test_submit_app_missing_required_fields" time="0.010" /><testcase classname="tests.test_app_developer.TestAppDeveloperFeature" name="test_submit_app_invalid_email" time="0.009" /><testcase classname="tests.test_app_developer.TestAppDeveloperFeature" name="test_get_my_submissions" time="0.050" /><testcase classname="tests.test_app_developer.TestAppDeveloperFeature" name="test_get_specific_submission" time="0.049" /><testcase classname="tests.test_app_developer.TestAppDeveloperFeature" name="test_get_nonexistent_submission" time="0.008" /><testcase classname="tests.test_app_developer.TestAppDeveloperFeature" name="test_featured_checkout_invalid_plan" time="0.055" /><testcase classname="tests.test_app_developer.TestAppDeveloperFeature" name="test_featured_checkout_nonexistent_submission" time="0.007" /><testcase classname="tests.test_app_developer.TestAppDeveloperFeature" name="test_featured_checkout_30_days" time="0.329" /><testcase classname="tests.test_app_developer.TestAppDeveloperFeature" name="test_get_featured_apps" time="0.008" /><testcase classname="tests.test_app_developer.TestAppDeveloperFeature" name="test_upload_icon_endpoint" time="0.054" /><testcase classname="tests.test_app_developer.TestAppDeveloperFeature" name="test_upload_code_endpoint" time="0.009" /><testcase classname="tests.test_app_developer.TestAppDeveloperFeature" name="test_submit_app_unauthorized" time="0.005" /><testcase classname="tests.test_app_developer.TestAppDeveloperFeature" name="test_get_submissions_unauthorized" time="0.048" /></testsuite></testsuites>