<?xml version="1.0" encoding="utf-8"?><testsuites name="pytest tests"><testsuite name="pytest" errors="0" failures="0" skipped="0" tests="15" time="1.487" timestamp="2026-01-15T22:21:28.758050+00:00" hostname="agent-env-811a4f2c-3d33-41ee-88d9-92cb90bd0226"><testcase classname="tests.test_categories_taxonomy.TestCategoriesAPI" name="test_get_all_categories_returns_19_categories" time="0.111" /><testcase classname="tests.test_categories_taxonomy.TestCategoriesAPI" name="test_categories_have_required_fields" time="0.047" /><testcase classname="tests.test_categories_taxonomy.TestCategoriesAPI" name="test_categories_have_subcategories" time="0.044" /><testcase classname="tests.test_categories_taxonomy.TestTagsAPI" name="test_get_all_tags_returns_10_tags" time="0.034" /><testcase classname="tests.test_categories_taxonomy.TestTagsAPI" name="test_tags_have_required_fields" time="0.037" /><testcase classname="tests.test_categories_taxonomy.TestCategoryDetail" name="test_get_category_detail" time="0.044" /><testcase classname="tests.test_categories_taxonomy.TestCategoryDetail" name="test_get_category_detail_not_found" time="0.035" /><testcase classname="tests.test_categories_taxonomy.TestAppsInCategory" name="test_get_apps_in_category" time="0.039" /><testcase classname="tests.test_categories_taxonomy.TestAppsInCategory" name="test_get_apps_in_category_with_filters" time="0.037" /><testcase classname="tests.test_categories_taxonomy.TestAppsInCategory" name="test_get_apps_in_invalid_category" time="0.043" /><testcase classname="tests.test_categories_taxonomy.TestFeaturedCollections" name="test_get_featured_collections" time="0.036" /><testcase classname="tests.test_categories_taxonomy.TestFeaturedCollections" name="test_get_collection_apps" time="0.038" /><testcase classname="tests.test_categories_taxonomy.TestDeveloperSubmission" name="test_developer_submissions_endpoint" time="0.296" /><testcase classname="tests.test_categories_taxonomy.TestFeaturedPricing" name="test_featured_checkout_requires_approved_app" time="0.295" /><testcase classname="tests.test_categories_taxonomy.TestAdminFeatureApp" name="test_admin_can_access_app_submissions" time="0.297" /></testsuite></testsuites>