<?xml version="1.0" encoding="utf-8"?><testsuites name="pytest tests"><testsuite name="pytest" errors="0" failures="0" skipped="0" tests="14" time="8.070" timestamp="2026-01-13T22:43:58.243917+00:00" hostname="agent-env-b8aceb6e-86ab-4189-a26e-7156ab44dc9c"><testcase classname="tests.test_email_notifications.TestEmailAuthentication" name="test_login_test_user" time="0.348" /><testcase classname="tests.test_email_notifications.TestEmailEndpoint" name="test_send_email_requires_auth" time="0.033" /><testcase classname="tests.test_email_notifications.TestEmailEndpoint" name="test_send_welcome_email" time="1.002" /><testcase classname="tests.test_email_notifications.TestEmailEndpoint" name="test_send_referral_signup_email" time="0.573" /><testcase classname="tests.test_email_notifications.TestEmailEndpoint" name="test_send_2fa_enabled_email" time="0.686" /><testcase classname="tests.test_email_notifications.TestEmailEndpoint" name="test_send_2fa_disabled_email" time="0.519" /><testcase classname="tests.test_email_notifications.TestEmailEndpoint" name="test_invalid_template_returns_400" time="0.292" /><testcase classname="tests.test_email_notifications.TestEmailEndpoint" name="test_invalid_email_format_returns_422" time="0.289" /><testcase classname="tests.test_email_notifications.TestRegistrationEmailTrigger" name="test_registration_triggers_welcome_email" time="0.589" /><testcase classname="tests.test_email_notifications.TestReferralSignupEmailTrigger" name="test_referral_signup_triggers_email" time="1.111" /><testcase classname="tests.test_email_notifications.Test2FAEmailTriggers" name="test_2fa_status_endpoint" time="0.315" /><testcase classname="tests.test_email_notifications.Test2FAEmailTriggers" name="test_2fa_setup_endpoint" time="0.329" /><testcase classname="tests.test_email_notifications.TestEmailTemplateContent" name="test_all_templates_available" time="1.292" /><testcase classname="tests.test_email_notifications.TestEmailLogging" name="test_email_attempt_logged" time="0.629" /></testsuite></testsuites>