<?xml version="1.0" encoding="utf-8"?><testsuites name="pytest tests"><testsuite name="pytest" errors="0" failures="0" skipped="0" tests="15" time="7.127" timestamp="2026-01-13T21:26:24.558956+00:00" hostname="agent-env-b8aceb6e-86ab-4189-a26e-7156ab44dc9c"><testcase classname="tests.test_admin_app_submissions.TestAdminLogin" name="test_admin_login_success" time="0.315" /><testcase classname="tests.test_admin_app_submissions.TestAdminLogin" name="test_admin_login_invalid_credentials" time="0.295" /><testcase classname="tests.test_admin_app_submissions.TestAdminLogin" name="test_admin_login_nonexistent_email" time="0.036" /><testcase classname="tests.test_admin_app_submissions.TestAdminAppSubmissions" name="test_list_app_submissions" time="0.569" /><testcase classname="tests.test_admin_app_submissions.TestAdminAppSubmissions" name="test_list_submissions_with_status_filter" time="0.590" /><testcase classname="tests.test_admin_app_submissions.TestAdminAppSubmissions" name="test_list_submissions_unauthorized" time="0.631" /><testcase classname="tests.test_admin_app_submissions.TestAdminAppSubmissions" name="test_create_and_view_submission_detail" time="0.626" /><testcase classname="tests.test_admin_app_submissions.TestAdminAppSubmissions" name="test_view_nonexistent_submission" time="0.572" /><testcase classname="tests.test_admin_app_submissions.TestAdminReviewActions" name="test_approve_submission" time="0.664" /><testcase classname="tests.test_admin_app_submissions.TestAdminReviewActions" name="test_reject_submission_with_reason" time="0.618" /><testcase classname="tests.test_admin_app_submissions.TestAdminReviewActions" name="test_request_changes_submission" time="0.639" /><testcase classname="tests.test_admin_app_submissions.TestAdminReviewActions" name="test_invalid_review_action" time="0.580" /><testcase classname="tests.test_admin_app_submissions.TestAdminReviewActions" name="test_review_nonexistent_submission" time="0.581" /><testcase classname="tests.test_admin_app_submissions.TestAdminProfile" name="test_get_admin_profile" time="0.285" /><testcase classname="tests.test_admin_app_submissions.TestAdminProfile" name="test_get_admin_profile_unauthorized" time="0.075" /></testsuite></testsuites>