<?xml version="1.0" encoding="utf-8"?><testsuites name="pytest tests"><testsuite name="pytest" errors="0" failures="0" skipped="0" tests="20" time="4.456" timestamp="2026-01-14T23:10:35.205617+00:00" hostname="agent-env-815ebf71-1e36-4d48-8b39-22708e7d48f8"><testcase classname="tests.test_stripe_products_licenses.TestPublicProductsAPI" name="test_get_products_list" time="0.062" /><testcase classname="tests.test_stripe_products_licenses.TestPublicProductsAPI" name="test_get_cloudnode_product_by_slug" time="0.044" /><testcase classname="tests.test_stripe_products_licenses.TestPublicProductsAPI" name="test_get_product_by_id" time="0.074" /><testcase classname="tests.test_stripe_products_licenses.TestPublicProductsAPI" name="test_get_nonexistent_product" time="0.035" /><testcase classname="tests.test_stripe_products_licenses.TestPurchaseCheckoutAPI" name="test_create_checkout_session" time="0.515" /><testcase classname="tests.test_stripe_products_licenses.TestPurchaseCheckoutAPI" name="test_create_checkout_invalid_product" time="0.040" /><testcase classname="tests.test_stripe_products_licenses.TestPurchaseCheckoutAPI" name="test_create_checkout_missing_fields" time="0.036" /><testcase classname="tests.test_stripe_products_licenses.TestLicensesAPI" name="test_get_user_licenses" time="0.307" /><testcase classname="tests.test_stripe_products_licenses.TestLicensesAPI" name="test_get_licenses_unauthorized" time="0.038" /><testcase classname="tests.test_stripe_products_licenses.TestAdminProductsAPI" name="test_admin_get_products" time="0.313" /><testcase classname="tests.test_stripe_products_licenses.TestAdminProductsAPI" name="test_admin_get_products_stats" time="0.342" /><testcase classname="tests.test_stripe_products_licenses.TestAdminProductsAPI" name="test_admin_create_product" time="0.313" /><testcase classname="tests.test_stripe_products_licenses.TestAdminProductsAPI" name="test_admin_update_product" time="0.375" /><testcase classname="tests.test_stripe_products_licenses.TestAdminProductsAPI" name="test_admin_delete_product" time="0.328" /><testcase classname="tests.test_stripe_products_licenses.TestAdminProductsAPI" name="test_admin_products_unauthorized" time="0.032" /><testcase classname="tests.test_stripe_products_licenses.TestAdminProductsAPI" name="test_admin_duplicate_slug_rejected" time="0.302" /><testcase classname="tests.test_stripe_products_licenses.TestAdminLicensesAPI" name="test_admin_get_licenses" time="0.296" /><testcase classname="tests.test_stripe_products_licenses.TestAdminLicensesAPI" name="test_admin_get_licenses_stats" time="0.295" /><testcase classname="tests.test_stripe_products_licenses.TestAdminOrdersAPI" name="test_admin_get_orders" time="0.332" /><testcase classname="tests.test_stripe_products_licenses.TestAdminOrdersAPI" name="test_admin_get_order_stats" time="0.291" /></testsuite></testsuites>