<?xml version="1.0" encoding="utf-8"?><testsuites name="pytest tests"><testsuite name="pytest" errors="0" failures="0" skipped="0" tests="26" time="1.259" timestamp="2026-01-14T22:22:04.778504+00:00" hostname="agent-env-815ebf71-1e36-4d48-8b39-22708e7d48f8"><testcase classname="tests.test_activity_points_enhancements.TestBadgesEnhancements" name="test_badges_all_endpoint_returns_badges" time="0.096" /><testcase classname="tests.test_activity_points_enhancements.TestBadgesEnhancements" name="test_top_node_operator_badge_exists" time="0.037" /><testcase classname="tests.test_activity_points_enhancements.TestBadgesEnhancements" name="test_top_ambassador_badge_exists" time="0.043" /><testcase classname="tests.test_activity_points_enhancements.TestBadgesEnhancements" name="test_special_category_exists" time="0.034" /><testcase classname="tests.test_activity_points_enhancements.TestWeeklyLeaderboard" name="test_weekly_leaderboard_endpoint_exists" time="0.041" /><testcase classname="tests.test_activity_points_enhancements.TestWeeklyLeaderboard" name="test_weekly_leaderboard_structure" time="0.041" /><testcase classname="tests.test_activity_points_enhancements.TestWeeklyLeaderboard" name="test_weekly_leaderboard_entry_structure" time="0.035" /><testcase classname="tests.test_activity_points_enhancements.TestWeeklyLeaderboard" name="test_weekly_leaderboard_limit_param" time="0.039" /><testcase classname="tests.test_activity_points_enhancements.TestMonthlyLeaderboard" name="test_monthly_leaderboard_endpoint_exists" time="0.038" /><testcase classname="tests.test_activity_points_enhancements.TestMonthlyLeaderboard" name="test_monthly_leaderboard_structure" time="0.037" /><testcase classname="tests.test_activity_points_enhancements.TestMonthlyLeaderboard" name="test_monthly_leaderboard_entry_structure" time="0.038" /><testcase classname="tests.test_activity_points_enhancements.TestMonthlyLeaderboard" name="test_monthly_leaderboard_limit_param" time="0.037" /><testcase classname="tests.test_activity_points_enhancements.TestExternalAPIPointsExport" name="test_points_export_endpoint_exists" time="0.048" /><testcase classname="tests.test_activity_points_enhancements.TestExternalAPIPointsExport" name="test_points_export_structure" time="0.038" /><testcase classname="tests.test_activity_points_enhancements.TestExternalAPIPointsExport" name="test_points_export_user_data_structure" time="0.039" /><testcase classname="tests.test_activity_points_enhancements.TestExternalAPIPointsExport" name="test_points_export_pagination" time="0.035" /><testcase classname="tests.test_activity_points_enhancements.TestExternalAPIUserPoints" name="test_user_points_endpoint_with_valid_user" time="0.071" /><testcase classname="tests.test_activity_points_enhancements.TestExternalAPIUserPoints" name="test_user_points_endpoint_structure" time="0.070" /><testcase classname="tests.test_activity_points_enhancements.TestExternalAPIUserPoints" name="test_user_points_endpoint_invalid_user" time="0.072" /><testcase classname="tests.test_activity_points_enhancements.TestExternalAPILeaderboardExport" name="test_leaderboard_export_all_period" time="0.038" /><testcase classname="tests.test_activity_points_enhancements.TestExternalAPILeaderboardExport" name="test_leaderboard_export_weekly_period" time="0.040" /><testcase classname="tests.test_activity_points_enhancements.TestExternalAPILeaderboardExport" name="test_leaderboard_export_monthly_period" time="0.039" /><testcase classname="tests.test_activity_points_enhancements.TestExternalAPILeaderboardExport" name="test_leaderboard_export_entry_structure" time="0.038" /><testcase classname="tests.test_activity_points_enhancements.TestExternalAPILeaderboardExport" name="test_leaderboard_export_limit_param" time="0.035" /><testcase classname="tests.test_activity_points_enhancements.TestAllTimeLeaderboard" name="test_alltime_leaderboard_endpoint_exists" time="0.038" /><testcase classname="tests.test_activity_points_enhancements.TestAllTimeLeaderboard" name="test_alltime_leaderboard_structure" time="0.039" /></testsuite></testsuites>