<?xml version="1.0" encoding="utf-8"?><testsuites name="pytest tests"><testsuite name="pytest" errors="0" failures="0" skipped="12" tests="14" time="4.235" timestamp="2026-01-13T22:42:00.548293+00:00" hostname="agent-env-b8aceb6e-86ab-4189-a26e-7156ab44dc9c"><testcase classname="tests.test_email_notifications.TestEmailAuthentication" name="test_login_test_user" time="0.300"><skipped type="pytest.skip" message="Test user has 2FA enabled - need TOTP code">/app/tests/test_email_notifications.py:33: Test user has 2FA enabled - need TOTP code</skipped></testcase><testcase classname="tests.test_email_notifications.TestEmailEndpoint" name="test_send_email_requires_auth" time="0.033" /><testcase classname="tests.test_email_notifications.TestEmailEndpoint" name="test_send_welcome_email" time="0.256"><skipped type="pytest.skip" message="Test user has 2FA enabled - need TOTP code">/app/tests/test_email_notifications.py:63: Test user has 2FA enabled - need TOTP code</skipped></testcase><testcase classname="tests.test_email_notifications.TestEmailEndpoint" name="test_send_referral_signup_email" time="0.295"><skipped type="pytest.skip" message="Test user has 2FA enabled - need TOTP code">/app/tests/test_email_notifications.py:85: Test user has 2FA enabled - need TOTP code</skipped></testcase><testcase classname="tests.test_email_notifications.TestEmailEndpoint" name="test_send_2fa_enabled_email" time="0.293"><skipped type="pytest.skip" message="Test user has 2FA enabled - need TOTP code">/app/tests/test_email_notifications.py:100: Test user has 2FA enabled - need TOTP code</skipped></testcase><testcase classname="tests.test_email_notifications.TestEmailEndpoint" name="test_send_2fa_disabled_email" time="0.460"><skipped type="pytest.skip" message="Test user has 2FA enabled - need TOTP code">/app/tests/test_email_notifications.py:115: Test user has 2FA enabled - need TOTP code</skipped></testcase><testcase classname="tests.test_email_notifications.TestEmailEndpoint" name="test_invalid_template_returns_400" time="0.293"><skipped type="pytest.skip" message="Test user has 2FA enabled - need TOTP code">/app/tests/test_email_notifications.py:130: Test user has 2FA enabled - need TOTP code</skipped></testcase><testcase classname="tests.test_email_notifications.TestEmailEndpoint" name="test_invalid_email_format_returns_422" time="0.252"><skipped type="pytest.skip" message="Test user has 2FA enabled - need TOTP code">/app/tests/test_email_notifications.py:144: Test user has 2FA enabled - need TOTP code</skipped></testcase><testcase classname="tests.test_email_notifications.TestRegistrationEmailTrigger" name="test_registration_triggers_welcome_email" time="0.661" /><testcase classname="tests.test_email_notifications.TestReferralSignupEmailTrigger" name="test_referral_signup_triggers_email" time="0.254"><skipped type="pytest.skip" message="Test user has 2FA enabled">/app/tests/test_email_notifications.py:207: Test user has 2FA enabled</skipped></testcase><testcase classname="tests.test_email_notifications.Test2FAEmailTriggers" name="test_2fa_status_endpoint" time="0.263"><skipped type="pytest.skip" message="Test user has 2FA enabled - need TOTP code">/app/tests/test_email_notifications.py:245: Test user has 2FA enabled - need TOTP code</skipped></testcase><testcase classname="tests.test_email_notifications.Test2FAEmailTriggers" name="test_2fa_setup_endpoint" time="0.299"><skipped type="pytest.skip" message="Test user has 2FA enabled - need TOTP code">/app/tests/test_email_notifications.py:256: Test user has 2FA enabled - need TOTP code</skipped></testcase><testcase classname="tests.test_email_notifications.TestEmailTemplateContent" name="test_all_templates_available" time="0.252"><skipped type="pytest.skip" message="Test user has 2FA enabled">/app/tests/test_email_notifications.py:296: Test user has 2FA enabled</skipped></testcase><testcase classname="tests.test_email_notifications.TestEmailLogging" name="test_email_attempt_logged" time="0.259"><skipped type="pytest.skip" message="Test user has 2FA enabled">/app/tests/test_email_notifications.py:331: Test user has 2FA enabled</skipped></testcase></testsuite></testsuites>