<?xml version="1.0" encoding="utf-8"?><testsuites name="pytest tests"><testsuite name="pytest" errors="0" failures="1" skipped="0" tests="15" time="1.006" timestamp="2026-01-16T17:51:55.341553+00:00" hostname="agent-env-811a4f2c-3d33-41ee-88d9-92cb90bd0226"><testcase classname="tests.test_app_share_promotion.TestInstalledApps" name="test_get_installed_apps_success" time="0.310" /><testcase classname="tests.test_app_share_promotion.TestInstalledApps" name="test_get_installed_apps_requires_auth" time="0.032" /><testcase classname="tests.test_app_share_promotion.TestAppPromotionStats" name="test_get_app_stats_success" time="0.035" /><testcase classname="tests.test_app_share_promotion.TestAppPromotionStats" name="test_get_app_stats_datavault" time="0.033" /><testcase classname="tests.test_app_share_promotion.TestAppPromotionStats" name="test_get_app_stats_streamrelay" time="0.041" /><testcase classname="tests.test_app_share_promotion.TestAppPromotionStats" name="test_get_app_stats_invalid_app" time="0.042" /><testcase classname="tests.test_app_share_promotion.TestAppPromotionStats" name="test_get_app_stats_requires_auth" time="0.031" /><testcase classname="tests.test_app_share_promotion.TestAppShare" name="test_share_app_copy" time="0.039" /><testcase classname="tests.test_app_share_promotion.TestAppShare" name="test_share_app_twitter" time="0.036" /><testcase classname="tests.test_app_share_promotion.TestAppShare" name="test_share_app_linkedin" time="0.038" /><testcase classname="tests.test_app_share_promotion.TestAppShare" name="test_share_app_email" time="0.041" /><testcase classname="tests.test_app_share_promotion.TestAppShare" name="test_share_app_invalid_app" time="0.073" /><testcase classname="tests.test_app_share_promotion.TestAppShare" name="test_share_app_requires_auth" time="0.030" /><testcase classname="tests.test_app_share_promotion.TestAppShare" name="test_share_increments_count" time="0.100" /><testcase classname="tests.test_app_share_promotion.TestPointsEngine" name="test_share_app_link_action_exists" time="0.038"><failure message="AssertionError: share_app_link action not found in growth category&#10;assert None is not None">tests/test_app_share_promotion.py:273: in test_share_app_link_action_exists
    assert share_action is not None, "share_app_link action not found in growth category"
E   AssertionError: share_app_link action not found in growth category
E   assert None is not None</failure></testcase></testsuite></testsuites>