<?xml version="1.0" encoding="utf-8"?><testsuites name="pytest tests"><testsuite name="pytest" errors="0" failures="0" skipped="0" tests="24" time="4.365" timestamp="2026-01-13T21:46:02.119677+00:00" hostname="agent-env-b8aceb6e-86ab-4189-a26e-7156ab44dc9c"><testcase classname="tests.test_admin_all_modules.TestAdminAuthentication" name="test_admin_login_success" time="0.313" /><testcase classname="tests.test_admin_all_modules.TestAdminAuthentication" name="test_admin_login_invalid_password" time="0.284" /><testcase classname="tests.test_admin_all_modules.TestAdminAuthentication" name="test_admin_login_invalid_email" time="0.036" /><testcase classname="tests.test_admin_all_modules.TestAdminDashboard" name="test_dashboard_stats" time="0.301" /><testcase classname="tests.test_admin_all_modules.TestAdminDashboard" name="test_dashboard_stats_unauthorized" time="0.034" /><testcase classname="tests.test_admin_all_modules.TestAdminUsers" name="test_list_users" time="0.343" /><testcase classname="tests.test_admin_all_modules.TestAdminUsers" name="test_list_users_with_status_filter" time="0.037" /><testcase classname="tests.test_admin_all_modules.TestAdminUsers" name="test_list_users_with_search" time="0.034" /><testcase classname="tests.test_admin_all_modules.TestAdminNodes" name="test_list_nodes" time="0.295" /><testcase classname="tests.test_admin_all_modules.TestAdminNodes" name="test_list_nodes_with_status_filter" time="0.036" /><testcase classname="tests.test_admin_all_modules.TestAdminNodes" name="test_get_node_detail" time="0.030" /><testcase classname="tests.test_admin_all_modules.TestAdminAppSubmissions" name="test_list_submissions" time="0.304" /><testcase classname="tests.test_admin_all_modules.TestAdminAppSubmissions" name="test_list_submissions_with_status_filter" time="0.035" /><testcase classname="tests.test_admin_all_modules.TestAdminSupport" name="test_list_tickets" time="0.284" /><testcase classname="tests.test_admin_all_modules.TestAdminSupport" name="test_list_tickets_with_status_filter" time="0.035" /><testcase classname="tests.test_admin_all_modules.TestAdminSupport" name="test_create_ticket" time="0.041" /><testcase classname="tests.test_admin_all_modules.TestAdminBilling" name="test_list_transactions" time="0.289" /><testcase classname="tests.test_admin_all_modules.TestAdminRevenue" name="test_revenue_summary" time="0.291" /><testcase classname="tests.test_admin_all_modules.TestAdminAuditLogs" name="test_list_audit_logs" time="0.306" /><testcase classname="tests.test_admin_all_modules.TestAdminAuditLogs" name="test_list_audit_logs_with_target_filter" time="0.039" /><testcase classname="tests.test_admin_all_modules.TestAdminSettings" name="test_list_admins" time="0.288" /><testcase classname="tests.test_admin_all_modules.TestAdminSettings" name="test_get_admin_profile" time="0.032" /><testcase classname="tests.test_admin_all_modules.TestAdminCreateAdmin" name="test_create_admin_account" time="0.560" /><testcase classname="tests.test_admin_all_modules.TestAdminCreateAdmin" name="test_create_admin_duplicate_email" time="0.035" /></testsuite></testsuites>