<?xml version="1.0" encoding="utf-8"?><testsuites name="pytest tests"><testsuite name="pytest" errors="0" failures="0" skipped="0" tests="33" time="5.463" timestamp="2026-01-14T00:13:44.980880+00:00" hostname="agent-env-cb5d0a94-3072-4398-87c0-4a50735dea18"><testcase classname="tests.test_all_endpoints.TestHealthEndpoint" name="test_health_endpoint" time="0.067" /><testcase classname="tests.test_all_endpoints.TestUserAuthentication" name="test_user_login_success" time="0.262" /><testcase classname="tests.test_all_endpoints.TestUserAuthentication" name="test_user_login_invalid_credentials" time="0.034" /><testcase classname="tests.test_all_endpoints.TestUserAuthentication" name="test_user_register_duplicate_email" time="0.034" /><testcase classname="tests.test_all_endpoints.TestUserAuthentication" name="test_user_register_new_user" time="0.515" /><testcase classname="tests.test_all_endpoints.TestNodeStats" name="test_node_stats_requires_auth" time="0.035" /><testcase classname="tests.test_all_endpoints.TestNodeStats" name="test_node_stats_success" time="0.304" /><testcase classname="tests.test_all_endpoints.TestEarnings" name="test_earnings_requires_auth" time="0.033" /><testcase classname="tests.test_all_endpoints.TestEarnings" name="test_earnings_success" time="0.290" /><testcase classname="tests.test_all_endpoints.TestOPTPrice" name="test_opt_price_success" time="0.035" /><testcase classname="tests.test_all_endpoints.TestInstalledApps" name="test_installed_apps_requires_auth" time="0.030" /><testcase classname="tests.test_all_endpoints.TestInstalledApps" name="test_installed_apps_success" time="0.334" /><testcase classname="tests.test_all_endpoints.TestAvailableApps" name="test_available_apps_requires_auth" time="0.031" /><testcase classname="tests.test_all_endpoints.TestAvailableApps" name="test_available_apps_success" time="0.292" /><testcase classname="tests.test_all_endpoints.TestFeaturedApps" name="test_featured_apps_success" time="0.031" /><testcase classname="tests.test_all_endpoints.TestReferralStats" name="test_referral_stats_requires_auth" time="0.033" /><testcase classname="tests.test_all_endpoints.TestReferralStats" name="test_referral_stats_success" time="0.299" /><testcase classname="tests.test_all_endpoints.TestPromotionStats" name="test_promotion_stats_requires_auth" time="0.076" /><testcase classname="tests.test_all_endpoints.TestPromotionStats" name="test_promotion_stats_success" time="0.288" /><testcase classname="tests.test_all_endpoints.TestAIRecommendations" name="test_ai_recommendations_requires_auth" time="0.047" /><testcase classname="tests.test_all_endpoints.TestAIRecommendations" name="test_ai_recommendations_success" time="0.289" /><testcase classname="tests.test_all_endpoints.TestCapacity" name="test_capacity_requires_auth" time="0.029" /><testcase classname="tests.test_all_endpoints.TestCapacity" name="test_capacity_success" time="0.288" /><testcase classname="tests.test_all_endpoints.TestPayouts" name="test_payouts_requires_auth" time="0.035" /><testcase classname="tests.test_all_endpoints.TestPayouts" name="test_payouts_success" time="0.291" /><testcase classname="tests.test_all_endpoints.TestAdminAuthentication" name="test_admin_login_success" time="0.296" /><testcase classname="tests.test_all_endpoints.TestAdminAuthentication" name="test_admin_login_invalid_credentials" time="0.039" /><testcase classname="tests.test_all_endpoints.TestAdminDashboardStats" name="test_admin_dashboard_stats_requires_auth" time="0.029" /><testcase classname="tests.test_all_endpoints.TestAdminDashboardStats" name="test_admin_dashboard_stats_success" time="0.295" /><testcase classname="tests.test_all_endpoints.TestAdminUsersList" name="test_admin_users_requires_auth" time="0.030" /><testcase classname="tests.test_all_endpoints.TestAdminUsersList" name="test_admin_users_success" time="0.294" /><testcase classname="tests.test_all_endpoints.TestUserProfile" name="test_user_me_requires_auth" time="0.044" /><testcase classname="tests.test_all_endpoints.TestUserProfile" name="test_user_me_success" time="0.332" /></testsuite></testsuites>