<?xml version="1.0" encoding="utf-8"?><testsuites name="pytest tests"><testsuite name="pytest" errors="0" failures="0" skipped="0" tests="34" time="8.062" timestamp="2026-01-15T19:13:16.220433+00:00" hostname="agent-env-10b15219-58a7-4ba5-866e-b76ac3c55625"><testcase classname="tests.test_comprehensive_uat.TestHealthAndBasics" name="test_health_endpoint" time="0.073" /><testcase classname="tests.test_comprehensive_uat.TestHealthAndBasics" name="test_products_endpoint" time="0.045" /><testcase classname="tests.test_comprehensive_uat.TestHealthAndBasics" name="test_cloudnode_product_exists" time="0.055" /><testcase classname="tests.test_comprehensive_uat.TestUserAuthentication" name="test_login_with_invalid_credentials" time="0.047" /><testcase classname="tests.test_comprehensive_uat.TestUserAuthentication" name="test_login_with_test_user" time="0.292" /><testcase classname="tests.test_comprehensive_uat.TestUserAuthentication" name="test_login_with_demo_user" time="0.271" /><testcase classname="tests.test_comprehensive_uat.TestUserAuthentication" name="test_register_new_user" time="0.507" /><testcase classname="tests.test_comprehensive_uat.TestAdminAuthentication" name="test_admin_login_success" time="0.289" /><testcase classname="tests.test_comprehensive_uat.TestAdminAuthentication" name="test_admin_login_invalid" time="0.273" /><testcase classname="tests.test_comprehensive_uat.TestPurchaseFlow" name="test_stripe_config_endpoint" time="0.050" /><testcase classname="tests.test_comprehensive_uat.TestPurchaseFlow" name="test_create_payment_intent" time="0.446" /><testcase classname="tests.test_comprehensive_uat.TestPurchaseFlow" name="test_create_payment_intent_with_referral" time="0.465" /><testcase classname="tests.test_comprehensive_uat.TestCouponSystem" name="test_validate_invalid_coupon" time="0.091" /><testcase classname="tests.test_comprehensive_uat.TestCouponSystem" name="test_admin_create_coupon" time="0.381" /><testcase classname="tests.test_comprehensive_uat.TestCouponSystem" name="test_validate_valid_coupon" time="0.376" /><testcase classname="tests.test_comprehensive_uat.TestAdminDashboard" name="test_admin_dashboard_stats" time="0.300" /><testcase classname="tests.test_comprehensive_uat.TestAdminDashboard" name="test_admin_products_list" time="0.300" /><testcase classname="tests.test_comprehensive_uat.TestAdminDashboard" name="test_admin_products_stats" time="0.306" /><testcase classname="tests.test_comprehensive_uat.TestAdminDashboard" name="test_admin_licenses_list" time="0.306" /><testcase classname="tests.test_comprehensive_uat.TestAdminDashboard" name="test_admin_coupons_list" time="0.322" /><testcase classname="tests.test_comprehensive_uat.TestAdminDashboard" name="test_admin_orders_list" time="0.299" /><testcase classname="tests.test_comprehensive_uat.TestAdminReports" name="test_users_report" time="0.342" /><testcase classname="tests.test_comprehensive_uat.TestAdminReports" name="test_nodes_report" time="0.304" /><testcase classname="tests.test_comprehensive_uat.TestAdminReports" name="test_revenue_report" time="0.300" /><testcase classname="tests.test_comprehensive_uat.TestAdminReports" name="test_csv_export" time="0.347" /><testcase classname="tests.test_comprehensive_uat.TestUserDashboard" name="test_user_profile" time="0.304" /><testcase classname="tests.test_comprehensive_uat.TestUserDashboard" name="test_user_licenses" time="0.298" /><testcase classname="tests.test_comprehensive_uat.TestUserDashboard" name="test_user_points" time="0.298" /><testcase classname="tests.test_comprehensive_uat.TestAppMarketplace" name="test_marketplace_apps_list" time="0.037" /><testcase classname="tests.test_comprehensive_uat.TestAppMarketplace" name="test_app_categories" time="0.036" /><testcase classname="tests.test_comprehensive_uat.TestPointsSystem" name="test_leaderboard_all_time" time="0.045" /><testcase classname="tests.test_comprehensive_uat.TestPointsSystem" name="test_leaderboard_weekly" time="0.053" /><testcase classname="tests.test_comprehensive_uat.TestPointsSystem" name="test_leaderboard_monthly" time="0.052" /><testcase classname="tests.test_comprehensive_uat.TestPointsSystem" name="test_badges_list" time="0.040" /></testsuite></testsuites>