<?xml version="1.0" encoding="utf-8"?><testsuites name="pytest tests"><testsuite name="pytest" errors="0" failures="1" skipped="0" tests="10" time="2.628" timestamp="2026-01-15T22:51:14.523805+00:00" hostname="agent-env-811a4f2c-3d33-41ee-88d9-92cb90bd0226"><testcase classname="tests.test_onboarding_tutorial.TestOnboardingTutorial" name="test_01_get_onboarding_status" time="0.364" /><testcase classname="tests.test_onboarding_tutorial.TestOnboardingTutorial" name="test_02_reset_tutorial" time="0.410" /><testcase classname="tests.test_onboarding_tutorial.TestOnboardingTutorial" name="test_03_complete_tutorial_first_time" time="0.325" /><testcase classname="tests.test_onboarding_tutorial.TestOnboardingTutorial" name="test_04_complete_tutorial_already_completed" time="0.286" /><testcase classname="tests.test_onboarding_tutorial.TestOnboardingTutorial" name="test_05_verify_status_after_completion" time="0.364" /><testcase classname="tests.test_onboarding_tutorial.TestOnboardingTutorial" name="test_06_reset_and_replay_flow" time="0.425" /><testcase classname="tests.test_onboarding_tutorial.TestOnboardingUnauthorized" name="test_status_without_auth" time="0.042" /><testcase classname="tests.test_onboarding_tutorial.TestOnboardingUnauthorized" name="test_complete_without_auth" time="0.037" /><testcase classname="tests.test_onboarding_tutorial.TestOnboardingUnauthorized" name="test_reset_without_auth" time="0.035" /><testcase classname="tests.test_onboarding_tutorial.TestPointsEngineIntegration" name="test_complete_tutorial_action_exists" time="0.264"><failure message="AttributeError: 'str' object has no attribute 'get'">tests/test_onboarding_tutorial.py:249: in test_complete_tutorial_action_exists
    if action.get("id") == "complete_tutorial":
       ^^^^^^^^^^
E   AttributeError: 'str' object has no attribute 'get'</failure></testcase></testsuite></testsuites>