<?xml version="1.0" encoding="utf-8"?><testsuites name="pytest tests"><testsuite name="pytest" errors="0" failures="0" skipped="0" tests="10" time="2.431" timestamp="2026-01-15T22:53:08.241206+00:00" hostname="agent-env-811a4f2c-3d33-41ee-88d9-92cb90bd0226"><testcase classname="tests.test_onboarding_tutorial.TestOnboardingTutorial" name="test_01_get_onboarding_status" time="0.296" /><testcase classname="tests.test_onboarding_tutorial.TestOnboardingTutorial" name="test_02_reset_tutorial" time="0.327" /><testcase classname="tests.test_onboarding_tutorial.TestOnboardingTutorial" name="test_03_complete_tutorial_first_time" time="0.294" /><testcase classname="tests.test_onboarding_tutorial.TestOnboardingTutorial" name="test_04_complete_tutorial_already_completed" time="0.397" /><testcase classname="tests.test_onboarding_tutorial.TestOnboardingTutorial" name="test_05_verify_status_after_completion" time="0.322" /><testcase classname="tests.test_onboarding_tutorial.TestOnboardingTutorial" name="test_06_reset_and_replay_flow" time="0.360" /><testcase classname="tests.test_onboarding_tutorial.TestOnboardingUnauthorized" name="test_status_without_auth" time="0.034" /><testcase classname="tests.test_onboarding_tutorial.TestOnboardingUnauthorized" name="test_complete_without_auth" time="0.037" /><testcase classname="tests.test_onboarding_tutorial.TestOnboardingUnauthorized" name="test_reset_without_auth" time="0.035" /><testcase classname="tests.test_onboarding_tutorial.TestPointsEngineIntegration" name="test_complete_tutorial_action_exists" time="0.266" /></testsuite></testsuites>