<?xml version="1.0" encoding="utf-8"?><testsuites name="pytest tests"><testsuite name="pytest" errors="0" failures="1" skipped="0" tests="19" time="127.518" timestamp="2026-01-13T22:56:34.195327+00:00" hostname="agent-env-b8aceb6e-86ab-4189-a26e-7156ab44dc9c"><testcase classname="tests.test_ai_promotional_content.TestAIPromotionalContent" name="test_ai_recommendations_returns_200" time="7.988" /><testcase classname="tests.test_ai_promotional_content.TestAIPromotionalContent" name="test_ai_recommendations_returns_array" time="7.992" /><testcase classname="tests.test_ai_promotional_content.TestAIPromotionalContent" name="test_ai_recommendations_has_required_fields" time="7.494" /><testcase classname="tests.test_ai_promotional_content.TestAIPromotionalContent" name="test_ai_recommendations_has_social_post_type" time="7.596" /><testcase classname="tests.test_ai_promotional_content.TestAIPromotionalContent" name="test_ai_recommendations_social_post_has_post_content" time="5.944" /><testcase classname="tests.test_ai_promotional_content.TestAIPromotionalContent" name="test_ai_recommendations_social_post_has_hashtags" time="10.770" /><testcase classname="tests.test_ai_promotional_content.TestAIPromotionalContent" name="test_ai_recommendations_social_post_has_social_platforms" time="9.197" /><testcase classname="tests.test_ai_promotional_content.TestAIPromotionalContent" name="test_ai_recommendations_has_priority_levels" time="5.437" /><testcase classname="tests.test_ai_promotional_content.TestAIPromotionalContent" name="test_ai_recommendations_requires_auth" time="0.334" /><testcase classname="tests.test_ai_promotional_content.TestAIPromotionalContent" name="test_get_installed_apps_for_promotion" time="0.269" /><testcase classname="tests.test_ai_promotional_content.TestAIPromotionalContent" name="test_app_promotions_returns_200" time="6.740" /><testcase classname="tests.test_ai_promotional_content.TestAIPromotionalContent" name="test_app_promotions_has_required_fields" time="7.856" /><testcase classname="tests.test_ai_promotional_content.TestAIPromotionalContent" name="test_app_promotions_social_posts_structure" time="6.491" /><testcase classname="tests.test_ai_promotional_content.TestAIPromotionalContent" name="test_app_promotions_has_promotion_tips" time="5.441" /><testcase classname="tests.test_ai_promotional_content.TestAIPromotionalContent" name="test_app_promotions_has_referral_link" time="8.141" /><testcase classname="tests.test_ai_promotional_content.TestAIPromotionalContent" name="test_app_promotions_invalid_app_id" time="0.311"><failure message="AssertionError: Expected 404, got 200&#10;assert 200 == 404&#10; +  where 200 = &lt;Response [200]&gt;.status_code">tests/test_ai_promotional_content.py:290: in test_app_promotions_invalid_app_id
    assert response.status_code == 404, f"Expected 404, got {response.status_code}"
E   AssertionError: Expected 404, got 200
E   assert 200 == 404
E    +  where 200 = &lt;Response [200]&gt;.status_code</failure></testcase><testcase classname="tests.test_ai_promotional_content.TestAIPromotionalContent" name="test_app_promotions_requires_auth" time="0.297" /><testcase classname="tests.test_ai_promotional_content.TestAIPromotionalContent" name="test_ai_recommendations_content_quality" time="11.769" /><testcase classname="tests.test_ai_promotional_content.TestAIPromotionalContent" name="test_ai_recommendations_refresh_generates_content" time="17.350" /></testsuite></testsuites>